  Map.cpp
C:\Program Files (x86)\Microsoft Visual Studio\2019\Community\VC\Tools\MSVC\14.29.30133\include\utility(193,54): warning C4244: 'başlatılıyor': '_Ty' - '_Ty2' dönüşümü; veri kaybı olabilir
          with
          [
              _Ty=double
          ]
          and
          [
              _Ty2=float
          ]
C:\Users\Berke Can GÖKTAŞ\source\repos\Map\Map\Map.cpp(21): message : derlenen şablon işlevi 'std::pair<int,float>::pair<int,double,0>(_Other1 &&,_Other2 &&) noexcept' örneği oluşturma başvurusuna bakın
          with
          [
              _Other1=int,
              _Other2=double
          ]
C:\Users\Berke Can GÖKTAŞ\source\repos\Map\Map\Map.cpp(21): message : derlenen şablon işlevi 'std::pair<int,float>::pair<int,double,0>(_Other1 &&,_Other2 &&) noexcept' örneği oluşturma başvurusuna bakın
          with
          [
              _Other1=int,
              _Other2=double
          ]
C:\Program Files (x86)\Microsoft Visual Studio\2019\Community\VC\Tools\MSVC\14.29.30133\include\utility(249,61): warning C4244: 'başlatılıyor': '_Ty' - '_Ty2' dönüşümü; veri kaybı olabilir
          with
          [
              _Ty=float
          ]
          and
          [
              _Ty2=int
          ]
C:\Program Files (x86)\Microsoft Visual Studio\2019\Community\VC\Tools\MSVC\14.29.30133\include\xmemory(707): message : derlenen şablon işlevi 'std::pair<const int,int>::pair<int,float,0>(std::pair<int,float> &&) noexcept' örneği oluşturma başvurusuna bakın
C:\Program Files (x86)\Microsoft Visual Studio\2019\Community\VC\Tools\MSVC\14.29.30133\include\xmemory(714): message : derlenen şablon işlevi 'std::pair<const int,int>::pair<int,float,0>(std::pair<int,float> &&) noexcept' örneği oluşturma başvurusuna bakın
C:\Program Files (x86)\Microsoft Visual Studio\2019\Community\VC\Tools\MSVC\14.29.30133\include\xtree(811): message : derlenen şablon işlevi 'void std::_Default_allocator_traits<_Alloc>::construct<_Ty,std::pair<int,float>>(_Alloc &,_Objty *const ,std::pair<int,float> &&)' örneği oluşturma başvurusuna bakın
          with
          [
              _Alloc=std::allocator<std::_Tree_node<std::pair<const int,int>,std::_Default_allocator_traits<std::allocator<std::pair<const int,int>>>::void_pointer>>,
              _Ty=std::pair<const int,int>,
              _Objty=std::pair<const int,int>
          ]
C:\Program Files (x86)\Microsoft Visual Studio\2019\Community\VC\Tools\MSVC\14.29.30133\include\xtree(812): message : derlenen şablon işlevi 'void std::_Default_allocator_traits<_Alloc>::construct<_Ty,std::pair<int,float>>(_Alloc &,_Objty *const ,std::pair<int,float> &&)' örneği oluşturma başvurusuna bakın
          with
          [
              _Alloc=std::allocator<std::_Tree_node<std::pair<const int,int>,std::_Default_allocator_traits<std::allocator<std::pair<const int,int>>>::void_pointer>>,
              _Ty=std::pair<const int,int>,
              _Objty=std::pair<const int,int>
          ]
C:\Program Files (x86)\Microsoft Visual Studio\2019\Community\VC\Tools\MSVC\14.29.30133\include\xtree(1007): message : derlenen şablon işlevi 'std::_Tree_temp_node<std::allocator<std::_Tree_node<std::pair<const int,int>,std::_Default_allocator_traits<_Alloc>::void_pointer>>>::_Tree_temp_node<_Ty>(_Alnode &,std::_Tree_node<std::pair<const int,int>,std::_Default_allocator_traits<_Alloc>::void_pointer> *,_Ty &&)' örneği oluşturma başvurusuna bakın
          with
          [
              _Alloc=std::allocator<std::pair<const int,int>>,
              _Ty=std::pair<int,float>,
              _Alnode=std::allocator<std::_Tree_node<std::pair<const int,int>,std::_Default_allocator_traits<std::allocator<std::pair<const int,int>>>::void_pointer>>
          ]
C:\Program Files (x86)\Microsoft Visual Studio\2019\Community\VC\Tools\MSVC\14.29.30133\include\xtree(1020): message : derlenen şablon işlevi 'std::_Tree_temp_node<std::allocator<std::_Tree_node<std::pair<const int,int>,std::_Default_allocator_traits<_Alloc>::void_pointer>>>::_Tree_temp_node<_Ty>(_Alnode &,std::_Tree_node<std::pair<const int,int>,std::_Default_allocator_traits<_Alloc>::void_pointer> *,_Ty &&)' örneği oluşturma başvurusuna bakın
          with
          [
              _Alloc=std::allocator<std::pair<const int,int>>,
              _Ty=std::pair<int,float>,
              _Alnode=std::allocator<std::_Tree_node<std::pair<const int,int>,std::_Default_allocator_traits<std::allocator<std::pair<const int,int>>>::void_pointer>>
          ]
C:\Program Files (x86)\Microsoft Visual Studio\2019\Community\VC\Tools\MSVC\14.29.30133\include\xtree(1044): message : derlenen şablon işlevi 'std::pair<std::_Tree_node<std::pair<const int,int>,std::_Default_allocator_traits<_Alloc>::void_pointer> *,bool> std::_Tree<std::_Tmap_traits<_Kty,_Ty,_Pr,_Alloc,false>>::_Emplace<std::pair<int,float>>(std::pair<int,float> &&)' örneği oluşturma başvurusuna bakın
          with
          [
              _Alloc=std::allocator<std::pair<const int,int>>,
              _Kty=int,
              _Ty=int,
              _Pr=std::less<int>
          ]
C:\Program Files (x86)\Microsoft Visual Studio\2019\Community\VC\Tools\MSVC\14.29.30133\include\xtree(1045): message : derlenen şablon işlevi 'std::pair<std::_Tree_node<std::pair<const int,int>,std::_Default_allocator_traits<_Alloc>::void_pointer> *,bool> std::_Tree<std::_Tmap_traits<_Kty,_Ty,_Pr,_Alloc,false>>::_Emplace<std::pair<int,float>>(std::pair<int,float> &&)' örneği oluşturma başvurusuna bakın
          with
          [
              _Alloc=std::allocator<std::pair<const int,int>>,
              _Kty=int,
              _Ty=int,
              _Pr=std::less<int>
          ]
C:\Program Files (x86)\Microsoft Visual Studio\2019\Community\VC\Tools\MSVC\14.29.30133\include\map(165): message : derlenen şablon işlevi 'std::pair<std::_Tree_iterator<std::_Tree_val<std::_Tree_simple_types<std::pair<const int,int>>>>,bool> std::_Tree<std::_Tmap_traits<_Kty,_Ty,_Pr,_Alloc,false>>::emplace<std::pair<int,float>>(std::pair<int,float> &&)' örneği oluşturma başvurusuna bakın
          with
          [
              _Kty=int,
              _Ty=int,
              _Pr=std::less<int>,
              _Alloc=std::allocator<std::pair<const int,int>>
          ]
C:\Program Files (x86)\Microsoft Visual Studio\2019\Community\VC\Tools\MSVC\14.29.30133\include\map(165): message : derlenen şablon işlevi 'std::pair<std::_Tree_iterator<std::_Tree_val<std::_Tree_simple_types<std::pair<const int,int>>>>,bool> std::_Tree<std::_Tmap_traits<_Kty,_Ty,_Pr,_Alloc,false>>::emplace<std::pair<int,float>>(std::pair<int,float> &&)' örneği oluşturma başvurusuna bakın
          with
          [
              _Kty=int,
              _Ty=int,
              _Pr=std::less<int>,
              _Alloc=std::allocator<std::pair<const int,int>>
          ]
C:\Users\Berke Can GÖKTAŞ\source\repos\Map\Map\Map.cpp(21): message : derlenen şablon işlevi 'std::pair<std::_Tree_iterator<std::_Tree_val<std::_Tree_simple_types<std::pair<const int,int>>>>,bool> std::map<int,int,std::less<int>,std::allocator<std::pair<const int,int>>>::insert<std::pair<int,float>,0>(_Valty &&)' örneği oluşturma başvurusuna bakın
          with
          [
              _Valty=std::pair<int,float>
          ]
C:\Users\Berke Can GÖKTAŞ\source\repos\Map\Map\Map.cpp(21): message : derlenen şablon işlevi 'std::pair<std::_Tree_iterator<std::_Tree_val<std::_Tree_simple_types<std::pair<const int,int>>>>,bool> std::map<int,int,std::less<int>,std::allocator<std::pair<const int,int>>>::insert<std::pair<int,float>,0>(_Valty &&)' örneği oluşturma başvurusuna bakın
          with
          [
              _Valty=std::pair<int,float>
          ]
  Map.vcxproj -> C:\Users\Berke Can GÖKTAŞ\source\repos\Map\Debug\Map.exe
